Will watch for changes in these directories: ['D:\\PROJECTS\\GE_EvChargingStation']
Dummy Warning
Using selector: SelectSelector
Will watch for changes in these directories: ['D:\\PROJECTS\\GE_EvChargingStation']
Dummy Warning
Started server process [17288]
Waiting for application startup.
Application startup complete.
Uvicorn running on http://127.0.0.1:5000 (Press CTRL+C to quit)
Shutting down
Waiting for application shutdown.
Application shutdown complete.
Finished server process [17288]
Will watch for changes in these directories: ['D:\\PROJECTS\\GE_EvChargingStation']
Dummy Warning
Using selector: SelectSelector
Will watch for changes in these directories: ['D:\\PROJECTS\\GE_EvChargingStation']
Dummy Warning
Started server process [9088]
Waiting for application startup.
Application startup complete.
Uvicorn running on http://127.0.0.1:5000 (Press CTRL+C to quit)
Shutting down
Waiting for application shutdown.
Application shutdown complete.
Finished server process [9088]
Will watch for changes in these directories: ['D:\\PROJECTS\\GE_EvChargingStation']
Dummy Warning
Using selector: SelectSelector
Will watch for changes in these directories: ['D:\\PROJECTS\\GE_EvChargingStation']
Dummy Warning
Started server process [2864]
Waiting for application startup.
Application startup complete.
Uvicorn running on http://127.0.0.1:5000 (Press CTRL+C to quit)
Shutting down
Waiting for application shutdown.
Application shutdown complete.
Finished server process [2864]
Will watch for changes in these directories: ['D:\\PROJECTS\\GE_EvChargingStation']
Will watch for changes in these directories: ['D:\\PROJECTS\\GE_EvChargingStation']
Dummy Warning
Using selector: SelectSelector
Will watch for changes in these directories: ['D:\\PROJECTS\\GE_EvChargingStation']
Dummy Warning
Started server process [5884]
Waiting for application startup.
Application startup complete.
Uvicorn running on http://127.0.0.1:5000 (Press CTRL+C to quit)
Shutting down
Waiting for application shutdown.
Application shutdown complete.
Finished server process [5884]
Will watch for changes in these directories: ['D:\\PROJECTS\\GE_EvChargingStation']
INFO LOG LOOKS LIKE THAT :)
ERROR LOG LOOKS LIKE THAT :)
DEBUG LOG LOOKS LIKE THAT :)
WARNING LOG LOOKS LIKE THAT :)
Using selector: SelectSelector
Will watch for changes in these directories: ['D:\\PROJECTS\\GE_EvChargingStation']
INFO LOG LOOKS LIKE THAT :)
ERROR LOG LOOKS LIKE THAT :)
DEBUG LOG LOOKS LIKE THAT :)
WARNING LOG LOOKS LIKE THAT :)
Started server process [24040]
Waiting for application startup.
Application startup complete.
Uvicorn running on http://127.0.0.1:5000 (Press CTRL+C to quit)
Shutting down
Waiting for application shutdown.
Application shutdown complete.
Finished server process [24040]
Will watch for changes in these directories: ['D:\\PROJECTS\\GE_EvChargingStation']
Using selector: SelectSelector
Will watch for changes in these directories: ['D:\\PROJECTS\\GE_EvChargingStation']
Will watch for changes in these directories: ['D:\\PROJECTS\\GE_EvChargingStation']
Using selector: SelectSelector
Will watch for changes in these directories: ['D:\\PROJECTS\\GE_EvChargingStation']
Will watch for changes in these directories: ['D:\\PROJECTS\\GE_EvChargingStation']
INFO LOG LOOKS LIKE THAT :)
ERROR LOG LOOKS LIKE THAT :)
DEBUG LOG LOOKS LIKE THAT :)
WARNING LOG LOOKS LIKE THAT :)
Using selector: SelectSelector
Will watch for changes in these directories: ['D:\\PROJECTS\\GE_EvChargingStation']
INFO LOG LOOKS LIKE THAT :)
ERROR LOG LOOKS LIKE THAT :)
DEBUG LOG LOOKS LIKE THAT :)
WARNING LOG LOOKS LIKE THAT :)
Started server process [3624]
Waiting for application startup.
Application startup complete.
Uvicorn running on http://127.0.0.1:5000 (Press CTRL+C to quit)
Shutting down
Waiting for application shutdown.
Application shutdown complete.
Finished server process [3624]
Will watch for changes in these directories: ['D:\\PROJECTS\\GE_EvChargingStation']
INFO LOG LOOKS LIKE THAT :)
ERROR LOG LOOKS LIKE THAT :)
DEBUG LOG LOOKS LIKE THAT :)
WARNING LOG LOOKS LIKE THAT :)
Using selector: SelectSelector
Will watch for changes in these directories: ['D:\\PROJECTS\\GE_EvChargingStation']
INFO LOG LOOKS LIKE THAT :)
ERROR LOG LOOKS LIKE THAT :)
DEBUG LOG LOOKS LIKE THAT :)
WARNING LOG LOOKS LIKE THAT :)
Started server process [25448]
Waiting for application startup.
Application startup complete.
Uvicorn running on http://127.0.0.1:5000 (Press CTRL+C to quit)
Shutting down
Waiting for application shutdown.
Application shutdown complete.
Finished server process [25448]
INFO LOG LOOKS LIKE THAT :)
ERROR LOG LOOKS LIKE THAT :)
DEBUG LOG LOOKS LIKE THAT :)
WARNING LOG LOOKS LIKE THAT :)
Will watch for changes in these directories: ['D:\\PROJECTS\\GE_EvChargingStation']
Using selector: SelectSelector
INFO LOG LOOKS LIKE THAT :)
ERROR LOG LOOKS LIKE THAT :)
DEBUG LOG LOOKS LIKE THAT :)
WARNING LOG LOOKS LIKE THAT :)
Will watch for changes in these directories: ['D:\\PROJECTS\\GE_EvChargingStation']
Started server process [23824]
Waiting for application startup.
Application startup complete.
Uvicorn running on http://127.0.0.1:5000 (Press CTRL+C to quit)
Shutting down
Waiting for application shutdown.
Application shutdown complete.
Finished server process [23824]
Will watch for changes in these directories: ['D:\\PROJECTS\\GE_EvChargingStation']
INFO LOG LOOKS LIKE THAT :)
ERROR LOG LOOKS LIKE THAT :)
DEBUG LOG LOOKS LIKE THAT :)
WARNING LOG LOOKS LIKE THAT :)
Using selector: SelectSelector
Will watch for changes in these directories: ['D:\\PROJECTS\\GE_EvChargingStation']
INFO LOG LOOKS LIKE THAT :)
ERROR LOG LOOKS LIKE THAT :)
DEBUG LOG LOOKS LIKE THAT :)
WARNING LOG LOOKS LIKE THAT :)
Started server process [26416]
Waiting for application startup.
Application startup complete.
Uvicorn running on http://127.0.0.1:5000 (Press CTRL+C to quit)
Shutting down
Waiting for application shutdown.
Application shutdown complete.
Finished server process [26416]
Will watch for changes in these directories: ['D:\\PROJECTS\\GE_EvChargingStation']
INFO LOG LOOKS LIKE THAT :)
ERROR LOG LOOKS LIKE THAT :)
DEBUG LOG LOOKS LIKE THAT :)
WARNING LOG LOOKS LIKE THAT :)
Using selector: SelectSelector
Will watch for changes in these directories: ['D:\\PROJECTS\\GE_EvChargingStation']
INFO LOG LOOKS LIKE THAT :)
ERROR LOG LOOKS LIKE THAT :)
DEBUG LOG LOOKS LIKE THAT :)
WARNING LOG LOOKS LIKE THAT :)
Started server process [26580]
Waiting for application startup.
Application startup complete.
Uvicorn running on http://127.0.0.1:5000 (Press CTRL+C to quit)
Shutting down
Waiting for application shutdown.
Application shutdown complete.
Finished server process [26580]
Will watch for changes in these directories: ['D:\\PROJECTS\\GE_EvChargingStation']
INFO LOG LOOKS LIKE THAT :)
ERROR LOG LOOKS LIKE THAT :)
DEBUG LOG LOOKS LIKE THAT :)
WARNING LOG LOOKS LIKE THAT :)
Using selector: SelectSelector
Will watch for changes in these directories: ['D:\\PROJECTS\\GE_EvChargingStation']
INFO LOG LOOKS LIKE THAT :)
ERROR LOG LOOKS LIKE THAT :)
DEBUG LOG LOOKS LIKE THAT :)
WARNING LOG LOOKS LIKE THAT :)
Started server process [19808]
Waiting for application startup.
Application startup complete.
Uvicorn running on http://127.0.0.1:5000 (Press CTRL+C to quit)
Shutting down
Waiting for application shutdown.
Application shutdown complete.
Finished server process [19808]
Will watch for changes in these directories: ['D:\\PROJECTS\\GE_EvChargingStation']
INFO LOG LOOKS LIKE THAT :)
ERROR LOG LOOKS LIKE THAT :)
DEBUG LOG LOOKS LIKE THAT :)
WARNING LOG LOOKS LIKE THAT :)
Using selector: SelectSelector
Will watch for changes in these directories: ['D:\\PROJECTS\\GE_EvChargingStation']
INFO LOG LOOKS LIKE THAT :)
ERROR LOG LOOKS LIKE THAT :)
DEBUG LOG LOOKS LIKE THAT :)
WARNING LOG LOOKS LIKE THAT :)
Started server process [21580]
Waiting for application startup.
Application startup complete.
Uvicorn running on http://127.0.0.1:5000 (Press CTRL+C to quit)
Shutting down
Waiting for application shutdown.
Application shutdown complete.
Finished server process [21580]
Will watch for changes in these directories: ['D:\\PROJECTS\\GE_EvChargingStation']
INFO LOG LOOKS LIKE THAT :)
Will watch for changes in these directories: ['D:\\PROJECTS\\GE_EvChargingStation']
INFO LOG LOOKS LIKE THAT :)
Using selector: SelectSelector
Will watch for changes in these directories: ['D:\\PROJECTS\\GE_EvChargingStation']
INFO LOG LOOKS LIKE THAT :)
Started server process [3500]
Waiting for application startup.
Application startup complete.
Uvicorn running on http://127.0.0.1:5000 (Press CTRL+C to quit)
Shutting down
Waiting for application shutdown.
Application shutdown complete.
Finished server process [3500]
Will watch for changes in these directories: ['D:\\PROJECTS\\GE_EvChargingStation']
INFO LOG LOOKS LIKE THAT :)
ERROR LOG LOOKS LIKE THAT :)
DEBUG LOG LOOKS LIKE THAT :)
WARNING LOG LOOKS LIKE THAT :)
Using selector: SelectSelector
Will watch for changes in these directories: ['D:\\PROJECTS\\GE_EvChargingStation']
INFO LOG LOOKS LIKE THAT :)
ERROR LOG LOOKS LIKE THAT :)
DEBUG LOG LOOKS LIKE THAT :)
WARNING LOG LOOKS LIKE THAT :)
Started server process [19584]
Waiting for application startup.
Application startup complete.
Uvicorn running on http://127.0.0.1:5000 (Press CTRL+C to quit)
Shutting down
Waiting for application shutdown.
Application shutdown complete.
Finished server process [19584]
Will watch for changes in these directories: ['D:\\PROJECTS\\GE_EvChargingStation']
INFO LOG LOOKS LIKE THAT :)
ERROR LOG LOOKS LIKE THAT :)
DEBUG LOG LOOKS LIKE THAT :)
WARNING LOG LOOKS LIKE THAT :)
Using selector: SelectSelector
Will watch for changes in these directories: ['D:\\PROJECTS\\GE_EvChargingStation']
INFO LOG LOOKS LIKE THAT :)
ERROR LOG LOOKS LIKE THAT :)
DEBUG LOG LOOKS LIKE THAT :)
WARNING LOG LOOKS LIKE THAT :)
Started server process [10264]
Waiting for application startup.
Application startup complete.
Uvicorn running on http://127.0.0.1:5000 (Press CTRL+C to quit)
Shutting down
Waiting for application shutdown.
Application shutdown complete.
Finished server process [10264]
INFO LOG LOOKS LIKE THAT :)
ERROR LOG LOOKS LIKE THAT :)
DEBUG LOG LOOKS LIKE THAT :)
WARNING LOG LOOKS LIKE THAT :)
INFO LOG LOOKS LIKE THAT :)
ERROR LOG LOOKS LIKE THAT :)
DEBUG LOG LOOKS LIKE THAT :)
WARNING LOG LOOKS LIKE THAT :)
Will watch for changes in these directories: ['D:\\PROJECTS\\GE_EvChargingStation']
INFO LOG LOOKS LIKE THAT :)
ERROR LOG LOOKS LIKE THAT :)
DEBUG LOG LOOKS LIKE THAT :)
WARNING LOG LOOKS LIKE THAT :)
Using selector: SelectSelector
Will watch for changes in these directories: ['D:\\PROJECTS\\GE_EvChargingStation']
INFO LOG LOOKS LIKE THAT :)
ERROR LOG LOOKS LIKE THAT :)
DEBUG LOG LOOKS LIKE THAT :)
WARNING LOG LOOKS LIKE THAT :)
Started server process [21916]
Waiting for application startup.
Application startup complete.
Uvicorn running on http://127.0.0.1:5000 (Press CTRL+C to quit)
Shutting down
Waiting for application shutdown.
Application shutdown complete.
Finished server process [21916]
Will watch for changes in these directories: ['D:\\PROJECTS\\GE_EvChargingStation']
INFO LOG LOOKS LIKE THAT :)
ERROR LOG LOOKS LIKE THAT :)
DEBUG LOG LOOKS LIKE THAT :)
WARNING LOG LOOKS LIKE THAT :)
Using selector: SelectSelector
Will watch for changes in these directories: ['D:\\PROJECTS\\GE_EvChargingStation']
INFO LOG LOOKS LIKE THAT :)
ERROR LOG LOOKS LIKE THAT :)
DEBUG LOG LOOKS LIKE THAT :)
WARNING LOG LOOKS LIKE THAT :)
Started server process [24532]
Waiting for application startup.
Application startup complete.
Uvicorn running on http://127.0.0.1:5000 (Press CTRL+C to quit)
Shutting down
Waiting for application shutdown.
Application shutdown complete.
Finished server process [24532]
Will watch for changes in these directories: ['D:\\PROJECTS\\GE_EvChargingStation']
Using selector: SelectSelector
Will watch for changes in these directories: ['D:\\PROJECTS\\GE_EvChargingStation']
Started server process [24156]
Waiting for application startup.
Application startup complete.
Uvicorn running on http://127.0.0.1:5000 (Press CTRL+C to quit)
Shutting down
Waiting for application shutdown.
Application shutdown complete.
Finished server process [24156]
Will watch for changes in these directories: ['D:\\PROJECTS\\GE_EvChargingStation']
Using selector: SelectSelector
Will watch for changes in these directories: ['D:\\PROJECTS\\GE_EvChargingStation']
Started server process [18952]
Waiting for application startup.
Application startup complete.
Uvicorn running on http://127.0.0.1:5000 (Press CTRL+C to quit)
Shutting down
Waiting for application shutdown.
Application shutdown complete.
Finished server process [18952]
Will watch for changes in these directories: ['D:\\PROJECTS\\GE_EvChargingStation']
Using selector: SelectSelector
Will watch for changes in these directories: ['D:\\PROJECTS\\GE_EvChargingStation']
Started server process [25092]
Waiting for application startup.
Application startup complete.
Uvicorn running on http://127.0.0.1:5000 (Press CTRL+C to quit)
Shutting down
Waiting for application shutdown.
Application shutdown complete.
Finished server process [25092]
Will watch for changes in these directories: ['D:\\PROJECTS\\GE_EvChargingStation']
SERVER STARTED SUCCESSFUL!
Using selector: SelectSelector
Will watch for changes in these directories: ['D:\\PROJECTS\\GE_EvChargingStation']
SERVER STARTED SUCCESSFUL!
Started server process [24192]
Waiting for application startup.
Application startup complete.
Uvicorn running on http://127.0.0.1:5000 (Press CTRL+C to quit)
Shutting down
Waiting for application shutdown.
Application shutdown complete.
Finished server process [24192]
Will watch for changes in these directories: ['D:\\PROJECTS\\GE_EvChargingStation']
SERVER STARTED SUCCESSFUL!
Using selector: SelectSelector
Will watch for changes in these directories: ['D:\\PROJECTS\\GE_EvChargingStation']
Started server process [24644]
Waiting for application startup.
Application startup complete.
Uvicorn running on http://127.0.0.1:5000 (Press CTRL+C to quit)
Shutting down
Waiting for application shutdown.
Application shutdown complete.
Finished server process [24644]
Will watch for changes in these directories: ['D:\\PROJECTS\\GE_EvChargingStation']
Using selector: SelectSelector
Will watch for changes in these directories: ['D:\\PROJECTS\\GE_EvChargingStation']
Started server process [24736]
Waiting for application startup.
Application startup complete.
Uvicorn running on http://127.0.0.1:5000 (Press CTRL+C to quit)
Shutting down
Waiting for application shutdown.
Application shutdown complete.
Finished server process [24736]
SERVER STARTED SUCCESSFUL!
'debugS'
Will watch for changes in these directories: ['D:\\PROJECTS\\GE_EvChargingStation']
Using selector: SelectSelector
Will watch for changes in these directories: ['D:\\PROJECTS\\GE_EvChargingStation']
Started server process [24428]
Waiting for application startup.
Application startup complete.
Uvicorn running on http://127.0.0.1:5000 (Press CTRL+C to quit)
Shutting down
Waiting for application shutdown.
Application shutdown complete.
Finished server process [24428]
SERVER CLOSED SUCCESSFUL!
Will watch for changes in these directories: ['D:\\PROJECTS\\GE_EvChargingStation']
Using selector: SelectSelector
Will watch for changes in these directories: ['D:\\PROJECTS\\GE_EvChargingStation']
Started server process [20040]
Waiting for application startup.
Application startup complete.
Uvicorn running on http://127.0.0.1:5000 (Press CTRL+C to quit)
Shutting down
Waiting for application shutdown.
Application shutdown complete.
Finished server process [20040]
SERVER CLOSED SUCCESSFUL!
Will watch for changes in these directories: ['D:\\PROJECTS\\GE_EvChargingStation']
Using selector: SelectSelector
Will watch for changes in these directories: ['D:\\PROJECTS\\GE_EvChargingStation']
Error loading ASGI app. Attribute "app" not found in module "Server".
Will watch for changes in these directories: ['D:\\PROJECTS\\GE_EvChargingStation']
Using selector: SelectSelector
Will watch for changes in these directories: ['D:\\PROJECTS\\GE_EvChargingStation']
Error loading ASGI app. Attribute "app" not found in module "Server".
Will watch for changes in these directories: ['D:\\PROJECTS\\GE_EvChargingStation']
Using selector: SelectSelector
Will watch for changes in these directories: ['D:\\PROJECTS\\GE_EvChargingStation']
Error loading ASGI app. Attribute "app" not found in module "Server".
Will watch for changes in these directories: ['D:\\PROJECTS\\GE_EvChargingStation']
Using selector: SelectSelector
Will watch for changes in these directories: ['D:\\PROJECTS\\GE_EvChargingStation']
Started server process [25064]
Waiting for application startup.
Application startup complete.
Uvicorn running on http://127.0.0.1:5000 (Press CTRL+C to quit)
Shutting down
Waiting for application shutdown.
Application shutdown complete.
Finished server process [25064]
SERVER CLOSED SUCCESSFUL!
Will watch for changes in these directories: ['D:\\PROJECTS\\GE_EvChargingStation']
Using selector: SelectSelector
Will watch for changes in these directories: ['D:\\PROJECTS\\GE_EvChargingStation']
Started server process [20512]
Waiting for application startup.
Application startup complete.
Uvicorn running on http://127.0.0.1:5000 (Press CTRL+C to quit)
127.0.0.1:64898 - "GET /charger/all HTTP/1.1" 200
127.0.0.1:64898 - "POST /vehicle/connect HTTP/1.1" 200
127.0.0.1:64898 - "PUT /vehicle/ HTTP/1.1" 200
127.0.0.1:64898 - "POST /charger/start HTTP/1.1" 200
Shutting down
Waiting for application shutdown.
Application shutdown complete.
Finished server process [20512]
SERVER CLOSED SUCCESSFUL!
Will watch for changes in these directories: ['D:\\PROJECTS\\GE_EvChargingStation']
Using selector: SelectSelector
Will watch for changes in these directories: ['D:\\PROJECTS\\GE_EvChargingStation']
Started server process [12948]
Waiting for application startup.
Application startup complete.
Uvicorn running on http://127.0.0.1:5000 (Press CTRL+C to quit)
127.0.0.1:64948 - "POST /vehicle/connect HTTP/1.1" 200
127.0.0.1:64948 - "PUT /vehicle/ HTTP/1.1" 200
127.0.0.1:64948 - "POST /vehicle/connect HTTP/1.1" 200
127.0.0.1:64954 - "POST /charger/start HTTP/1.1" 200
127.0.0.1:64954 - "POST /vehicle/disconnect HTTP/1.1" 200
Shutting down
Waiting for application shutdown.
Application shutdown complete.
Finished server process [12948]
SERVER CLOSED SUCCESSFUL!
Will watch for changes in these directories: ['D:\\PROJECTS\\GE_EvChargingStation']
Using selector: SelectSelector
Will watch for changes in these directories: ['D:\\PROJECTS\\GE_EvChargingStation']
Started server process [21396]
Waiting for application startup.
Application startup complete.
Uvicorn running on http://127.0.0.1:5000 (Press CTRL+C to quit)
127.0.0.1:64985 - "POST /vehicle/connect HTTP/1.1" 200
127.0.0.1:64985 - "PUT /vehicle/ HTTP/1.1" 200
127.0.0.1:64985 - "POST /charger/start HTTP/1.1" 200
127.0.0.1:64985 - "POST /vehicle/disconnect HTTP/1.1" 200
Shutting down
Waiting for application shutdown.
Application shutdown complete.
Finished server process [21396]
SERVER CLOSED SUCCESSFUL!
